0 info it worked if it ends with ok
1 verbose cli [ 'C:\\Program Files (x86)\\nodejs\\node.exe',
1 verbose cli   'C:\\Program Files (x86)\\nodejs\\node_modules\\npm\\bin\\npm-cli.js',
1 verbose cli   'start' ]
2 info using npm@3.8.3
3 info using node@v5.10.0
4 verbose run-script [ 'prestart', 'start', 'poststart' ]
5 info lifecycle PlankMan@1.0.0~prestart: PlankMan@1.0.0
6 silly lifecycle PlankMan@1.0.0~prestart: no script for prestart, continuing
7 info lifecycle PlankMan@1.0.0~start: PlankMan@1.0.0
8 verbose lifecycle PlankMan@1.0.0~start: unsafe-perm in lifecycle true
9 verbose lifecycle PlankMan@1.0.0~start: PATH: C:\Program Files (x86)\nodejs\node_modules\npm\bin\node-gyp-bin;C:\PlankMan\client\node_modules\.bin;C:\Program Files (x86)\nodejs;C:\Users\HEMANT\AppData\Roaming\npm;C:\Program Files (x86)\nodejs\;C:\Program Files\Docker\Docker\Resources\bin;C:\Python27\Lib\site-packages\PyQt4;C:\app\HEMANT\product\11.2.0\dbhome_1\bin;C:\ProgramData\Oracle\Java\javapath;C:\WINDOWS\system32;C:\WINDOWS;C:\WINDOWS\System32\Wbem;C:\WINDOWS\System32\WindowsPowerShell\v1.0\;C:\Program Files (x86)\Intel\OpenCL SDK\2.0\bin\x86;C:\Program Files (x86)\Intel\OpenCL SDK\2.0\bin\x64;C:\Program Files\Microsoft\Web Platform Installer\;C:\Program Files (x86)\Microsoft ASP.NET\ASP.NET Web Pages\v1.0\;C:\Program Files (x86)\Windows Kits\8.0\Windows Performance Toolkit\;C:\Program Files\Microsoft SQL Server\110\Tools\Binn\;C:\Program Files (x86)\Microsoft SQL Server\100\Tools\Binn\;C:\Program Files\Microsoft SQL Server\100\Tools\Binn\;C:\Program Files\Microsoft SQL Server\100\DTS\Binn\;C:\Program Files (x86)\Microsoft SQL Server\100\Tools\Binn\VSShell\Common7\IDE\;C:\Program Files (x86)\Microsoft Visual Studio 9.0\Common7\IDE\PrivateAssemblies\;C:\Program Files (x86)\Microsoft SQL Server\100\DTS\Binn\;C:\Program Files (x86)\nodejs\; C:\Users\HEMANT\AppData\Roaming\npm;C:\Program Files (x86)\Skype\Phone\;C:\Program Files (x86)\Brackets\command;C:\Program Files (x86)\gnuplot\bin;C:\Program Files\Git\cmd;C:\Users\HEMANT\Anaconda2;C:\Users\HEMANT\Anaconda2\Scripts;C:\Users\HEMANT\Anaconda2\Library\bin;C:\Users\HEMANT\AppData\Local\Programs\Python\Python35-32\Scripts\;C:\Users\HEMANT\AppData\Local\Programs\Python\Python35-32\;C:\Windows\system32\WindowsPowerShell\v1.0\;C:\ProgramData\Oracle\Java\javapath;C:\Windows\system32;C:\Windows;C:\Windows\System32\Wbem;C:\Windows\System32\WindowsPowerShell\v1.0\;C:\Program Files (x86)\Intel\OpenCL SDK\2.0\bin\x86;C:\Program Files (x86)\Intel\OpenCL SDK\2.0\bin\x64;C:\Program Files (x86)\Skype\Phone\;C:\Python27;C:\Program Files (x86)\Java\jdk1.8.0_66\bin;C:\Program Files (x86)\nodejs\node_modules\npm\bin;C:\Users\HEMANT\AppData\Local\atom\bin;C:\Users\HEMANT\AppData\Roaming\npm;C:\Users\HEMANT\AppData\Local\Microsoft\WindowsApps;C:\Program Files\Docker Toolbox;C:\Program Files (x86)\Heroku\bin;C:\Users\HEMANTt\anaconda2\lib\site-packages
10 verbose lifecycle PlankMan@1.0.0~start: CWD: C:\PlankMan\client
11 silly lifecycle PlankMan@1.0.0~start: Args: [ '/d /s /c', 'tsc && concurrently "tsc -w" "lite-server" ' ]
12 silly lifecycle PlankMan@1.0.0~start: Returned: code: 2  signal: null
13 info lifecycle PlankMan@1.0.0~start: Failed to exec start script
14 verbose stack Error: PlankMan@1.0.0 start: `tsc && concurrently "tsc -w" "lite-server" `
14 verbose stack Exit status 2
14 verbose stack     at EventEmitter.<anonymous> (C:\Program Files (x86)\nodejs\node_modules\npm\lib\utils\lifecycle.js:239:16)
14 verbose stack     at emitTwo (events.js:100:13)
14 verbose stack     at EventEmitter.emit (events.js:185:7)
14 verbose stack     at ChildProcess.<anonymous> (C:\Program Files (x86)\nodejs\node_modules\npm\lib\utils\spawn.js:24:14)
14 verbose stack     at emitTwo (events.js:100:13)
14 verbose stack     at ChildProcess.emit (events.js:185:7)
14 verbose stack     at maybeClose (internal/child_process.js:850:16)
14 verbose stack     at Process.ChildProcess._handle.onexit (internal/child_process.js:215:5)
15 verbose pkgid PlankMan@1.0.0
16 verbose cwd C:\PlankMan\client
17 error Windows_NT 10.0.14393
18 error argv "C:\\Program Files (x86)\\nodejs\\node.exe" "C:\\Program Files (x86)\\nodejs\\node_modules\\npm\\bin\\npm-cli.js" "start"
19 error node v5.10.0
20 error npm  v3.8.3
21 error code ELIFECYCLE
22 error PlankMan@1.0.0 start: `tsc && concurrently "tsc -w" "lite-server" `
22 error Exit status 2
23 error Failed at the PlankMan@1.0.0 start script 'tsc && concurrently "tsc -w" "lite-server" '.
23 error Make sure you have the latest version of node.js and npm installed.
23 error If you do, this is most likely a problem with the PlankMan package,
23 error not with npm itself.
23 error Tell the author that this fails on your system:
23 error     tsc && concurrently "tsc -w" "lite-server"
23 error You can get information on how to open an issue for this project with:
23 error     npm bugs PlankMan
23 error Or if that isn't available, you can get their info via:
23 error     npm owner ls PlankMan
23 error There is likely additional logging output above.
24 verbose exit [ 1, true ]
